2026-06-24 21:32:44,033	[INFO]	(client.py:162)_bot_login	[botpy] 登录机器人账号中...
2026-06-24 21:32:49,337	[INFO]	(robot.py:65)update_access_token	[botpy] access_token expires_in 679
2026-06-24 21:32:50,767	[INFO]	(client.py:181)_bot_init	[botpy] 程序启动...
2026-06-24 21:32:50,767	[INFO]	(connection.py:60)multi_run	[botpy] 最大并发连接数: 1, 启动会话数: 1
2026-06-24 21:32:50,767	[INFO]	(client.py:242)bot_connect	[botpy] 会话启动中...
2026-06-24 21:32:50,767	[INFO]	(gateway.py:115)ws_connect	[botpy] 启动中...
2026-06-24 21:32:50,970	[INFO]	(gateway.py:142)ws_identify	[botpy] 鉴权中...
2026-06-24 21:32:51,132	[INFO]	(gateway.py:85)on_message	[botpy] 机器人「曼波导购bot」启动成功！
2026-06-24 21:32:51,132	[INFO]	(gateway.py:223)_send_heart	[botpy] 心跳维持启动...
2026-06-24 21:39:06,288	[ERROR]	(gateway.py:97)on_message	_parser unknown event group_message_create.
2026-06-24 21:39:23,839	[ERROR]	(gateway.py:97)on_message	_parser unknown event group_message_create.
2026-06-24 21:39:38,467	[ERROR]	(gateway.py:97)on_message	_parser unknown event group_message_create.
2026-06-24 21:41:02,416	[INFO]	(client.py:162)_bot_login	[botpy] 登录机器人账号中...
2026-06-24 21:41:03,163	[INFO]	(robot.py:65)update_access_token	[botpy] access_token expires_in 186
2026-06-24 21:41:04,179	[INFO]	(client.py:181)_bot_init	[botpy] 程序启动...
2026-06-24 21:41:04,179	[INFO]	(connection.py:60)multi_run	[botpy] 最大并发连接数: 1, 启动会话数: 1
2026-06-24 21:41:04,179	[INFO]	(client.py:242)bot_connect	[botpy] 会话启动中...
2026-06-24 21:41:04,179	[INFO]	(gateway.py:115)ws_connect	[botpy] 启动中...
2026-06-24 21:41:04,338	[INFO]	(gateway.py:142)ws_identify	[botpy] 鉴权中...
2026-06-24 21:41:04,581	[INFO]	(gateway.py:85)on_message	[botpy] 机器人「曼波导购bot」启动成功！
2026-06-24 21:41:04,582	[INFO]	(gateway.py:223)_send_heart	[botpy] 心跳维持启动...
2026-06-24 21:42:43,016	[ERROR]	(gateway.py:97)on_message	_parser unknown event group_message_create.
2026-06-24 21:49:36,860	[INFO]	(client.py:162)_bot_login	[botpy] 登录机器人账号中...
2026-06-24 21:49:37,281	[INFO]	(robot.py:65)update_access_token	[botpy] access_token expires_in 7200
2026-06-24 21:49:38,431	[INFO]	(client.py:181)_bot_init	[botpy] 程序启动...
2026-06-24 21:49:38,432	[INFO]	(connection.py:60)multi_run	[botpy] 最大并发连接数: 1, 启动会话数: 1
2026-06-24 21:49:38,432	[INFO]	(client.py:242)bot_connect	[botpy] 会话启动中...
2026-06-24 21:49:38,432	[INFO]	(gateway.py:115)ws_connect	[botpy] 启动中...
2026-06-24 21:49:38,611	[INFO]	(gateway.py:142)ws_identify	[botpy] 鉴权中...
2026-06-24 21:49:38,796	[INFO]	(gateway.py:85)on_message	[botpy] 机器人「曼波导购bot」启动成功！
2026-06-24 21:49:38,797	[INFO]	(gateway.py:223)_send_heart	[botpy] 心跳维持启动...
2026-06-24 21:49:44,848	[ERROR]	(gateway.py:97)on_message	_parser unknown event group_message_create.
2026-06-24 21:49:53,954	[ERROR]	(gateway.py:97)on_message	_parser unknown event group_message_create.
2026-06-24 21:52:41,920	[INFO]	(client.py:162)_bot_login	[botpy] 登录机器人账号中...
2026-06-24 21:52:42,247	[INFO]	(robot.py:65)update_access_token	[botpy] access_token expires_in 7015
2026-06-24 21:52:43,301	[INFO]	(client.py:181)_bot_init	[botpy] 程序启动...
2026-06-24 21:52:43,302	[INFO]	(connection.py:60)multi_run	[botpy] 最大并发连接数: 1, 启动会话数: 1
2026-06-24 21:52:43,302	[INFO]	(client.py:242)bot_connect	[botpy] 会话启动中...
2026-06-24 21:52:43,302	[INFO]	(gateway.py:115)ws_connect	[botpy] 启动中...
2026-06-24 21:52:43,482	[INFO]	(gateway.py:142)ws_identify	[botpy] 鉴权中...
2026-06-24 21:52:43,627	[INFO]	(gateway.py:85)on_message	[botpy] 机器人「曼波导购bot」启动成功！
2026-06-24 21:52:43,628	[INFO]	(gateway.py:223)_send_heart	[botpy] 心跳维持启动...
2026-06-24 21:52:53,685	[ERROR]	(gateway.py:97)on_message	_parser unknown event group_message_create.
2026-06-24 21:55:13,326	[INFO]	(client.py:162)_bot_login	[botpy] 登录机器人账号中...
2026-06-24 21:55:13,642	[INFO]	(robot.py:65)update_access_token	[botpy] access_token expires_in 6864
2026-06-24 21:55:14,854	[INFO]	(client.py:181)_bot_init	[botpy] 程序启动...
2026-06-24 21:55:14,854	[INFO]	(connection.py:60)multi_run	[botpy] 最大并发连接数: 1, 启动会话数: 1
2026-06-24 21:55:14,854	[INFO]	(client.py:242)bot_connect	[botpy] 会话启动中...
2026-06-24 21:55:14,854	[INFO]	(gateway.py:115)ws_connect	[botpy] 启动中...
2026-06-24 21:55:15,015	[INFO]	(gateway.py:142)ws_identify	[botpy] 鉴权中...
2026-06-24 21:55:15,232	[INFO]	(gateway.py:85)on_message	[botpy] 机器人「曼波导购bot」启动成功！
2026-06-24 21:55:15,232	[INFO]	(gateway.py:223)_send_heart	[botpy] 心跳维持启动...
2026-06-24 21:55:58,835	[WARNING]	(http.py:192)request	请求超时，请求连接: https://api.sgroup.qq.com/v2/groups/8BCFB82E1F69A44440B64F2766022549/files
2026-06-24 21:55:59,378	[ERROR]	(http.py:76)_handle_response	[botpy] 接口请求异常，请求连接: https://api.sgroup.qq.com/v2/groups/8BCFB82E1F69A44440B64F2766022549/messages, 错误代码: 500, 返回内容: {'message': 'invalid file_info', 'code': 304080, 'err_code': 304080, 'trace_id': 'd9ddbab3816432873b1622a3c9653562'}, trace_id:d9ddbab3816432873b1622a3c9653562
2026-06-24 21:58:28,878	[INFO]	(client.py:162)_bot_login	[botpy] 登录机器人账号中...
2026-06-24 21:58:29,120	[INFO]	(robot.py:65)update_access_token	[botpy] access_token expires_in 6668
2026-06-24 21:58:30,192	[INFO]	(client.py:181)_bot_init	[botpy] 程序启动...
2026-06-24 21:58:30,192	[INFO]	(connection.py:60)multi_run	[botpy] 最大并发连接数: 1, 启动会话数: 1
2026-06-24 21:58:30,192	[INFO]	(client.py:242)bot_connect	[botpy] 会话启动中...
2026-06-24 21:58:30,192	[INFO]	(gateway.py:115)ws_connect	[botpy] 启动中...
2026-06-24 21:58:30,457	[INFO]	(gateway.py:142)ws_identify	[botpy] 鉴权中...
2026-06-24 21:58:30,571	[INFO]	(gateway.py:85)on_message	[botpy] 机器人「曼波导购bot」启动成功！
2026-06-24 21:58:30,571	[INFO]	(gateway.py:223)_send_heart	[botpy] 心跳维持启动...
2026-06-24 22:04:16,437	[ERROR]	(http.py:76)_handle_response	[botpy] 接口请求异常，请求连接: https://api.sgroup.qq.com/v2/groups/8BCFB82E1F69A44440B64F2766022549/messages, 错误代码: 400, 返回内容: {'message': '消息被去重，请检查请求msgseq', 'code': 40054005, 'err_code': 40054005, 'trace_id': '9462961076ca7754b941cd5ec619b58c'}, trace_id:9462961076ca7754b941cd5ec619b58c
2026-06-24 22:04:17,256	[ERROR]	(http.py:76)_handle_response	[botpy] 接口请求异常，请求连接: https://api.sgroup.qq.com/v2/groups/8BCFB82E1F69A44440B64F2766022549/messages, 错误代码: 400, 返回内容: {'message': '消息被去重，请检查请求msgseq', 'code': 40054005, 'err_code': 40054005, 'trace_id': '9081076ec3e541e11c87845976345716'}, trace_id:9081076ec3e541e11c87845976345716
2026-06-24 22:04:24,024	[ERROR]	(http.py:76)_handle_response	[botpy] 接口请求异常，请求连接: https://api.sgroup.qq.com/v2/groups/8BCFB82E1F69A44440B64F2766022549/messages, 错误代码: 400, 返回内容: {'message': '消息被去重，请检查请求msgseq', 'code': 40054005, 'err_code': 40054005, 'trace_id': '0b0c5f571b9f54b4c31636d05a969afb'}, trace_id:0b0c5f571b9f54b4c31636d05a969afb
2026-06-24 22:04:24,719	[ERROR]	(http.py:76)_handle_response	[botpy] 接口请求异常，请求连接: https://api.sgroup.qq.com/v2/groups/8BCFB82E1F69A44440B64F2766022549/messages, 错误代码: 400, 返回内容: {'message': '消息被去重，请检查请求msgseq', 'code': 40054005, 'err_code': 40054005, 'trace_id': 'e3435140cb3023f55eb0ba03f7d374ca'}, trace_id:e3435140cb3023f55eb0ba03f7d374ca
2026-06-24 22:04:37,209	[INFO]	(client.py:162)_bot_login	[botpy] 登录机器人账号中...
2026-06-24 22:04:37,411	[INFO]	(robot.py:65)update_access_token	[botpy] access_token expires_in 6300
2026-06-24 22:04:38,315	[INFO]	(client.py:181)_bot_init	[botpy] 程序启动...
2026-06-24 22:04:38,316	[INFO]	(connection.py:60)multi_run	[botpy] 最大并发连接数: 1, 启动会话数: 1
2026-06-24 22:04:38,316	[INFO]	(client.py:242)bot_connect	[botpy] 会话启动中...
2026-06-24 22:04:38,316	[INFO]	(gateway.py:115)ws_connect	[botpy] 启动中...
2026-06-24 22:04:38,557	[INFO]	(gateway.py:142)ws_identify	[botpy] 鉴权中...
2026-06-24 22:04:38,724	[INFO]	(gateway.py:85)on_message	[botpy] 机器人「曼波导购bot」启动成功！
2026-06-24 22:04:38,724	[INFO]	(gateway.py:223)_send_heart	[botpy] 心跳维持启动...
2026-06-24 22:05:00,215	[ERROR]	(http.py:76)_handle_response	[botpy] 接口请求异常，请求连接: https://api.sgroup.qq.com/v2/groups/8BCFB82E1F69A44440B64F2766022549/messages, 错误代码: 400, 返回内容: {'message': '消息被去重，请检查请求msgseq', 'code': 40054005, 'err_code': 40054005, 'trace_id': '37b4c27832e507a1d28e3240a34ce218'}, trace_id:37b4c27832e507a1d28e3240a34ce218
2026-06-24 22:05:01,037	[ERROR]	(http.py:76)_handle_response	[botpy] 接口请求异常，请求连接: https://api.sgroup.qq.com/v2/groups/8BCFB82E1F69A44440B64F2766022549/messages, 错误代码: 400, 返回内容: {'message': '消息被去重，请检查请求msgseq', 'code': 40054005, 'err_code': 40054005, 'trace_id': '88a311cca4bfc937d5bf663c07b1f209'}, trace_id:88a311cca4bfc937d5bf663c07b1f209
2026-06-24 22:05:50,530	[INFO]	(client.py:162)_bot_login	[botpy] 登录机器人账号中...
2026-06-24 22:05:50,804	[INFO]	(robot.py:65)update_access_token	[botpy] access_token expires_in 6227
2026-06-24 22:05:51,850	[INFO]	(client.py:181)_bot_init	[botpy] 程序启动...
2026-06-24 22:05:51,850	[INFO]	(connection.py:60)multi_run	[botpy] 最大并发连接数: 1, 启动会话数: 1
2026-06-24 22:05:51,850	[INFO]	(client.py:242)bot_connect	[botpy] 会话启动中...
2026-06-24 22:05:51,850	[INFO]	(gateway.py:115)ws_connect	[botpy] 启动中...
2026-06-24 22:05:52,638	[INFO]	(gateway.py:142)ws_identify	[botpy] 鉴权中...
2026-06-24 22:05:52,796	[INFO]	(gateway.py:85)on_message	[botpy] 机器人「曼波导购bot」启动成功！
2026-06-24 22:05:52,797	[INFO]	(gateway.py:223)_send_heart	[botpy] 心跳维持启动...
2026-06-24 22:06:10,422	[ERROR]	(http.py:76)_handle_response	[botpy] 接口请求异常，请求连接: https://api.sgroup.qq.com/v2/groups/8BCFB82E1F69A44440B64F2766022549/messages, 错误代码: 400, 返回内容: {'message': '消息被去重，请检查请求msgseq', 'code': 40054005, 'err_code': 40054005, 'trace_id': '3f7fafe05b0aeb0b840bc53758e094dd'}, trace_id:3f7fafe05b0aeb0b840bc53758e094dd
2026-06-24 22:06:11,327	[ERROR]	(http.py:76)_handle_response	[botpy] 接口请求异常，请求连接: https://api.sgroup.qq.com/v2/groups/8BCFB82E1F69A44440B64F2766022549/messages, 错误代码: 400, 返回内容: {'message': '消息被去重，请检查请求msgseq', 'code': 40054005, 'err_code': 40054005, 'trace_id': 'dc80f9201341cb173f930c17409948a6'}, trace_id:dc80f9201341cb173f930c17409948a6
2026-06-24 22:11:30,005	[INFO]	(client.py:162)_bot_login	[botpy] 登录机器人账号中...
2026-06-24 22:11:30,245	[INFO]	(robot.py:65)update_access_token	[botpy] access_token expires_in 5887
2026-06-24 22:11:31,448	[INFO]	(client.py:181)_bot_init	[botpy] 程序启动...
2026-06-24 22:11:31,449	[INFO]	(connection.py:60)multi_run	[botpy] 最大并发连接数: 1, 启动会话数: 1
2026-06-24 22:11:31,449	[INFO]	(client.py:242)bot_connect	[botpy] 会话启动中...
2026-06-24 22:11:31,449	[INFO]	(gateway.py:115)ws_connect	[botpy] 启动中...
2026-06-24 22:11:31,707	[INFO]	(gateway.py:142)ws_identify	[botpy] 鉴权中...
2026-06-24 22:11:31,872	[INFO]	(gateway.py:85)on_message	[botpy] 机器人「曼波导购bot」启动成功！
2026-06-24 22:11:31,872	[INFO]	(gateway.py:223)_send_heart	[botpy] 心跳维持启动...
2026-06-24 22:18:31,069	[INFO]	(client.py:162)_bot_login	[botpy] 登录机器人账号中...
2026-06-24 22:18:31,307	[INFO]	(robot.py:65)update_access_token	[botpy] access_token expires_in 5466
2026-06-24 22:18:32,329	[INFO]	(client.py:181)_bot_init	[botpy] 程序启动...
2026-06-24 22:18:32,329	[INFO]	(connection.py:60)multi_run	[botpy] 最大并发连接数: 1, 启动会话数: 1
2026-06-24 22:18:32,329	[INFO]	(client.py:242)bot_connect	[botpy] 会话启动中...
2026-06-24 22:18:32,329	[INFO]	(gateway.py:115)ws_connect	[botpy] 启动中...
2026-06-24 22:18:32,499	[INFO]	(gateway.py:142)ws_identify	[botpy] 鉴权中...
2026-06-24 22:18:32,715	[INFO]	(gateway.py:85)on_message	[botpy] 机器人「曼波导购bot」启动成功！
2026-06-24 22:18:32,716	[INFO]	(gateway.py:223)_send_heart	[botpy] 心跳维持启动...
2026-06-24 22:33:13,901	[INFO]	(client.py:162)_bot_login	[botpy] 登录机器人账号中...
2026-06-24 22:33:14,116	[INFO]	(robot.py:65)update_access_token	[botpy] access_token expires_in 4583
2026-06-24 22:33:14,979	[INFO]	(client.py:181)_bot_init	[botpy] 程序启动...
2026-06-24 22:33:14,979	[INFO]	(connection.py:60)multi_run	[botpy] 最大并发连接数: 1, 启动会话数: 1
2026-06-24 22:33:14,980	[INFO]	(client.py:242)bot_connect	[botpy] 会话启动中...
2026-06-24 22:33:14,980	[INFO]	(gateway.py:115)ws_connect	[botpy] 启动中...
2026-06-24 22:33:15,163	[INFO]	(gateway.py:142)ws_identify	[botpy] 鉴权中...
2026-06-24 22:33:15,279	[INFO]	(gateway.py:85)on_message	[botpy] 机器人「曼波导购bot」启动成功！
2026-06-24 22:33:15,281	[INFO]	(gateway.py:223)_send_heart	[botpy] 心跳维持启动...
2026-06-24 22:35:31,549	[INFO]	(client.py:162)_bot_login	[botpy] 登录机器人账号中...
2026-06-24 22:35:31,792	[INFO]	(robot.py:65)update_access_token	[botpy] access_token expires_in 4446
2026-06-24 22:35:32,823	[INFO]	(client.py:181)_bot_init	[botpy] 程序启动...
2026-06-24 22:35:32,825	[INFO]	(connection.py:60)multi_run	[botpy] 最大并发连接数: 1, 启动会话数: 1
2026-06-24 22:35:32,825	[INFO]	(client.py:242)bot_connect	[botpy] 会话启动中...
2026-06-24 22:35:32,825	[INFO]	(gateway.py:115)ws_connect	[botpy] 启动中...
2026-06-24 22:35:32,994	[INFO]	(gateway.py:142)ws_identify	[botpy] 鉴权中...
2026-06-24 22:35:33,137	[INFO]	(gateway.py:85)on_message	[botpy] 机器人「曼波导购bot」启动成功！
2026-06-24 22:35:33,139	[INFO]	(gateway.py:223)_send_heart	[botpy] 心跳维持启动...
2026-06-24 22:39:24,467	[INFO]	(client.py:162)_bot_login	[botpy] 登录机器人账号中...
2026-06-24 22:39:24,772	[INFO]	(robot.py:65)update_access_token	[botpy] access_token expires_in 4213
2026-06-24 22:39:25,675	[INFO]	(client.py:181)_bot_init	[botpy] 程序启动...
2026-06-24 22:39:25,675	[INFO]	(connection.py:60)multi_run	[botpy] 最大并发连接数: 1, 启动会话数: 1
2026-06-24 22:39:25,675	[INFO]	(client.py:242)bot_connect	[botpy] 会话启动中...
2026-06-24 22:39:25,675	[INFO]	(gateway.py:115)ws_connect	[botpy] 启动中...
2026-06-24 22:39:25,882	[INFO]	(gateway.py:142)ws_identify	[botpy] 鉴权中...
2026-06-24 22:39:26,111	[INFO]	(gateway.py:85)on_message	[botpy] 机器人「曼波导购bot」启动成功！
2026-06-24 22:39:26,111	[INFO]	(gateway.py:223)_send_heart	[botpy] 心跳维持启动...
2026-06-24 22:42:38,915	[INFO]	(client.py:162)_bot_login	[botpy] 登录机器人账号中...
2026-06-24 22:42:39,243	[INFO]	(robot.py:65)update_access_token	[botpy] access_token expires_in 4018
2026-06-24 22:42:40,259	[INFO]	(client.py:181)_bot_init	[botpy] 程序启动...
2026-06-24 22:42:40,259	[INFO]	(connection.py:60)multi_run	[botpy] 最大并发连接数: 1, 启动会话数: 1
2026-06-24 22:42:40,259	[INFO]	(client.py:242)bot_connect	[botpy] 会话启动中...
2026-06-24 22:42:40,259	[INFO]	(gateway.py:115)ws_connect	[botpy] 启动中...
2026-06-24 22:42:40,409	[INFO]	(gateway.py:142)ws_identify	[botpy] 鉴权中...
2026-06-24 22:42:40,625	[INFO]	(gateway.py:85)on_message	[botpy] 机器人「曼波导购bot」启动成功！
2026-06-24 22:42:40,625	[INFO]	(gateway.py:223)_send_heart	[botpy] 心跳维持启动...
2026-06-24 22:46:39,197	[INFO]	(client.py:162)_bot_login	[botpy] 登录机器人账号中...
2026-06-24 22:46:39,514	[INFO]	(robot.py:65)update_access_token	[botpy] access_token expires_in 3778
2026-06-24 22:46:40,741	[INFO]	(client.py:181)_bot_init	[botpy] 程序启动...
2026-06-24 22:46:40,744	[INFO]	(connection.py:60)multi_run	[botpy] 最大并发连接数: 1, 启动会话数: 1
2026-06-24 22:46:40,747	[INFO]	(client.py:242)bot_connect	[botpy] 会话启动中...
2026-06-24 22:46:40,747	[INFO]	(gateway.py:115)ws_connect	[botpy] 启动中...
2026-06-24 22:46:40,937	[INFO]	(gateway.py:142)ws_identify	[botpy] 鉴权中...
2026-06-24 22:46:41,066	[INFO]	(gateway.py:85)on_message	[botpy] 机器人「曼波导购bot」启动成功！
2026-06-24 22:46:41,068	[INFO]	(gateway.py:223)_send_heart	[botpy] 心跳维持启动...
2026-06-24 22:53:51,545	[INFO]	(client.py:162)_bot_login	[botpy] 登录机器人账号中...
2026-06-24 22:53:52,087	[INFO]	(robot.py:65)update_access_token	[botpy] access_token expires_in 3345
2026-06-24 22:53:53,162	[INFO]	(client.py:181)_bot_init	[botpy] 程序启动...
2026-06-24 22:53:53,162	[INFO]	(connection.py:60)multi_run	[botpy] 最大并发连接数: 1, 启动会话数: 1
2026-06-24 22:53:53,162	[INFO]	(client.py:242)bot_connect	[botpy] 会话启动中...
2026-06-24 22:53:53,162	[INFO]	(gateway.py:115)ws_connect	[botpy] 启动中...
2026-06-24 22:53:53,816	[INFO]	(gateway.py:142)ws_identify	[botpy] 鉴权中...
2026-06-24 22:53:53,943	[INFO]	(gateway.py:85)on_message	[botpy] 机器人「曼波导购bot」启动成功！
2026-06-24 22:53:53,944	[INFO]	(gateway.py:223)_send_heart	[botpy] 心跳维持启动...
2026-06-24 23:00:02,430	[INFO]	(client.py:162)_bot_login	[botpy] 登录机器人账号中...
2026-06-24 23:00:02,711	[INFO]	(robot.py:65)update_access_token	[botpy] access_token expires_in 2975
2026-06-24 23:00:03,930	[INFO]	(client.py:181)_bot_init	[botpy] 程序启动...
2026-06-24 23:00:03,931	[INFO]	(connection.py:60)multi_run	[botpy] 最大并发连接数: 1, 启动会话数: 1
2026-06-24 23:00:03,932	[INFO]	(client.py:242)bot_connect	[botpy] 会话启动中...
2026-06-24 23:00:03,932	[INFO]	(gateway.py:115)ws_connect	[botpy] 启动中...
2026-06-24 23:00:04,102	[INFO]	(gateway.py:142)ws_identify	[botpy] 鉴权中...
2026-06-24 23:00:04,240	[INFO]	(gateway.py:85)on_message	[botpy] 机器人「曼波导购bot」启动成功！
2026-06-24 23:00:04,240	[INFO]	(gateway.py:223)_send_heart	[botpy] 心跳维持启动...
